{"/Users/noam/repos/test-examples/src/increase.js":{"path":"/Users/noam/repos/test-examples/src/increase.js","s":{"1":1,"2":14,"3":1,"4":6,"5":1,"6":4,"7":14},"b":{},"f":{"1":14,"2":6,"3":4},"fnMap":{"1":{"name":"(anonymous_1)","line":1,"loc":{"start":{"line":1,"column":17},"end":{"line":1,"column":29}}},"2":{"name":"increase","line":4,"loc":{"start":{"line":4,"column":2},"end":{"line":4,"column":22}}},"3":{"name":"get","line":7,"loc":{"start":{"line":7,"column":2},"end":{"line":7,"column":17}}}},"statementMap":{"1":{"start":{"line":1,"column":0},"end":{"line":17,"column":0}},"2":{"start":{"line":2,"column":2},"end":{"line":2,"column":12}},"3":{"start":{"line":4,"column":2},"end":{"line":6,"column":3}},"4":{"start":{"line":5,"column":4},"end":{"line":5,"column":15}},"5":{"start":{"line":7,"column":2},"end":{"line":9,"column":3}},"6":{"start":{"line":8,"column":4},"end":{"line":8,"column":13}},"7":{"start":{"line":11,"column":2},"end":{"line":15,"column":0}}},"branchMap":{}},"/Users/noam/repos/test-examples/src/person.js":{"path":"/Users/noam/repos/test-examples/src/person.js","s":{"1":3,"2":8,"3":8,"4":8,"5":8},"b":{"1":[8,2],"2":[8,2]},"f":{"1":8},"fnMap":{"1":{"name":"(anonymous_1)","line":1,"loc":{"start":{"line":1,"column":17},"end":{"line":1,"column":38}}}},"statementMap":{"1":{"start":{"line":1,"column":0},"end":{"line":12,"column":0}},"2":{"start":{"line":2,"column":2},"end":{"line":2,"column":46}},"3":{"start":{"line":4,"column":2},"end":{"line":4,"column":30}},"4":{"start":{"line":5,"column":2},"end":{"line":5,"column":76}},"5":{"start":{"line":7,"column":2},"end":{"line":10,"column":0}}},"branchMap":{"1":{"line":4,"type":"binary-expr","locations":[{"start":{"line":4,"column":14},"end":{"line":4,"column":23}},{"start":{"line":4,"column":27},"end":{"line":4,"column":29}}]},"2":{"line":5,"type":"binary-expr","locations":[{"start":{"line":5,"column":20},"end":{"line":5,"column":41}},{"start":{"line":5,"column":45},"end":{"line":5,"column":75}}]}}}}